Agent Group Id: 012X3425000000000003
Agent Group Name: 7de95cd63cc45ef
Agent Name: 7de95cd63cc45ef
Agent Id: 012X3408000000000003
Task Name: MODULE8_UNIVERSITY
Task Type: MTT_TEST
Task Id: 012X340Z00000000000F
Run Id: 4
Service Id: 1837519
Started By: aryanhedaoo2003@gmail.com
Run Context Type: ICS_UI
04/08/2025 02:23:45 **** Importing Connection: Conn_012X340B00000000000P ...
04/08/2025 02:23:45 **** Importing Source Definition: CDW_UAS_STG_RESULT ...
04/08/2025 02:23:45 **** Importing Target Definition: CDW_UAS_F_RESULT_MODULE8 ...
04/08/2025 02:23:45 **** Importing SessionConfig: default_session_config ...
    <Warning> :  The Error Log DB Connection value should have Relational: as the prefix.
    <Warning> :  Invalid value  for attribute Error Log DB Connection. Will use the default value 
    Validating Source Definition  CDW_UAS_STG_RESULT...
    Validating Target Definition  CDW_UAS_F_RESULT_MODULE8...
04/08/2025 02:23:45 **** Importing Mapping: Mapping0 ...
    <Warning> :  transformation: Source - Invalid value  for attribute Output is repeatable. Will use the default value Never    [transformation< Source > ] 
    <Warning> :  Invalid table attribute: Thousand Separator    [transformation< Source > ] 
    <Warning> :  Invalid table attribute: Decimal Separator    [transformation< Source > ] 
    <Warning> :  Invalid table attribute: Datetime Format    [transformation< Source > ] 
Validating transformations of mapping Mapping0...
Validating mapping variable(s).
04/08/2025 02:23:45 **** Importing Workflow: wf_mtt_012X340Z00000000000F ...
    <Warning> :  Invalid value None for attribute Pushdown Optimization Context. Will use the default value None     [Session< s_mtt_012X340Z00000000000F > ] 
    <Warning> :  The value entered is not a valid integer.
    <Warning> :  Invalid value NO for attribute Fail task after wait time. Will use the default value 
Successfully extracted session instance [s_mtt_012X340Z00000000000F].  Starting repository sequence id is [426392614]
======================================================================
DIRECTOR> VAR_27085 [2025-04-08 02:23:45.656] Parameter file [D:\apps\Data_Integration_Server\data\parameters\s_mtt_012X340Z00000000000F.param] is opened for [session [wf_mtt_012X340Z00000000000F.s_mtt_012X340Z00000000000F]].
DIRECTOR> VAR_27062 [2025-04-08 02:23:45.657] Warning! Cannot find section for worklet [wf_mtt_012X340Z00000000000F] and folder [] in parameter file [D:\apps\Data_Integration_Server\data\parameters\s_mtt_012X340Z00000000000F.param].
DIRECTOR> TM_6014 [2025-04-08 02:23:45.658] Initializing session [s_mtt_012X340Z00000000000F] at [Tue Apr 08 02:23:45 2025].
DIRECTOR> TM_6683 [2025-04-08 02:23:45.658] Repository Name: [XMLRepository]
DIRECTOR> TM_6684 [2025-04-08 02:23:45.658] Server Name: [rDTM]
DIRECTOR> TM_6686 [2025-04-08 02:23:45.659] Folder: []
DIRECTOR> TM_6685 [2025-04-08 02:23:45.659] Workflow: [wf_mtt_012X340Z00000000000F] Run Instance Name: [] Run Id: [0]
DIRECTOR> TM_6992 [2025-04-08 02:23:45.659] Operating System Type [NT]
DIRECTOR> TM_6101 [2025-04-08 02:23:45.659] Mapping name: Mapping0.
DIRECTOR> TM_6964 [2025-04-08 02:23:45.659] Date format for the Session is [MM/DD/YYYY HH24:MI:SS.US]
DIRECTOR> TM_6703 [2025-04-08 02:23:45.660] Session [s_mtt_012X340Z00000000000F] is run by 64-bit Integration Service  [], version [10.2.0 HotFix2], build [0321].
MANAGER> PETL_24091 [2025-04-08 02:23:47.760] Thread [MANAGER] has the ID [1].
MANAGER> PETL_24058 [2025-04-08 02:23:47.760] Running Partition Group [1].
MANAGER> PETL_24000 [2025-04-08 02:23:47.760] Parallel Pipeline Engine initializing.
MONITOR> PETL_24091 [2025-04-08 02:23:47.760] Thread [MONITOR] has the ID [2].
MANAGER> PETL_24001 [2025-04-08 02:23:47.761] Parallel Pipeline Engine running.
MANAGER> PETL_24003 [2025-04-08 02:23:47.761] Initializing session run.
MAPPING> PETL_24091 [2025-04-08 02:23:47.761] Thread [MAPPING] has the ID [3].
MAPPING> CMN_1569 [2025-04-08 02:23:47.763] Server Mode: [UNICODE]
MAPPING> CMN_1570 [2025-04-08 02:23:47.763] Server Code page: [MS Windows Latin 1 (ANSI), superset of Latin1]
MAPPING> TM_6151 [2025-04-08 02:23:47.763] The session sort order is [Binary].
MAPPING> TM_6185 [2025-04-08 02:23:47.763] Warning. Code page validation is disabled in this session.
MAPPING> CMN_65109 [2025-04-08 02:23:47.763] Current Timezone:[UTC +5:30]
MAPPING> CMN_65111 [2025-04-08 02:23:47.763] Current Process ID:[10640]
MAPPING> TM_6155 [2025-04-08 02:23:47.763] Using HIGH precision processing.
MAPPING> TM_6180 [2025-04-08 02:23:47.763] Deadlock retry logic will not be implemented.
MAPPING> TM_6187 [2025-04-08 02:23:47.763] Session target-based commit interval is [10000].
MAPPING> TM_6307 [2025-04-08 02:23:47.764] DTM error log disabled. 
MAPPING> TE_7022 [2025-04-08 02:23:47.764] TShmWriter: Initialized
MAPPING> TM_6007 [2025-04-08 02:23:47.767] DTM initialized successfully for session [s_mtt_012X340Z00000000000F]
DIRECTOR> PETL_24033 [2025-04-08 02:23:48.018] All DTM Connection Info: [<NONE>].
MANAGER> PETL_24004 [2025-04-08 02:23:48.018] Starting pre-session tasks. : (Tue Apr 08 02:23:48 2025)
PRE-SESS> PETL_24091 [2025-04-08 02:23:48.019] Thread [PRE-SESS] has the ID [4].
MANAGER> PETL_24027 [2025-04-08 02:23:48.085] Pre-session task completed successfully. : (Tue Apr 08 02:23:48 2025)
DIRECTOR> PETL_24006 [2025-04-08 02:23:48.085] Starting data movement.
MAPPING> TM_6660 [2025-04-08 02:23:48.085] Total Buffer Pool size is 2374528 bytes and Block size is 129696 bytes.
READER_1_1_1> PETL_24091 [2025-04-08 02:23:48.087] Thread [READER_1_1_1] has the ID [5].
READER_1_1_1> DBG_21438 [2025-04-08 02:23:48.089] Reader: Source is [odbc://dbtype=SqlServer;host=localhost;port=1433;database=IICS_UNIVERSITY], Type [ODBC], User [sa]
READER_1_1_1> BLKR_16051 [2025-04-08 02:23:48.092] Source database connection [Conn_012X340B00000000000P] code page: [MS Windows Latin 1 (ANSI), superset of Latin1]
READER_1_1_1> CMN_1021 [2025-04-08 02:23:48.104] Database driver event...
CMN_1021 [Reading driver properties from : D:\apps\Data_Integration_Server\72.0.2.1\ICS\main\bin\rdtm/../../../../drivers/driver.properties
DTM flag to determine driver name is not found hence default to [DataDirect CLOSED 8.0 SQL Server Wire Protocol for Informatica - BASE] driver.
ODBC Event Using array fetches.
ODBC Event Using Single Row Inserts. connect string = [Driver=DataDirect CLOSED 8.0 SQL Server Wire Protocol for Informatica - BASE;DB=IICS_UNIVERSITY;HOST=localhost;PORT=1433;UID=sa;WorkArounds2=2;EQI=1;APP=Informatica;TimestampTruncationBehavior=1]. userid = [sa]
ODBC Version:	03.80.0000
.
DBMS Name:	Microsoft SQL Server
.
DBMS Version:	13.00.6404
.
Driver Name:	dwsqls28.dll
.
Driver Version:	08.02.1018 (B0983, U0720)
.
Driver ODBC Version:	03.52
.]

READER_1_1_1> BLKR_16003 [2025-04-08 02:23:48.104] Initialization completed successfully.
TRANSF_1_1_1> PETL_24091 [2025-04-08 02:23:48.105] Thread [TRANSF_1_1_1] has the ID [6].
WRITER_1_*_1> PETL_24091 [2025-04-08 02:23:48.106] Thread [WRITER_1_*_1] has the ID [7].
WRITER_1_*_1> WRT_8147 [2025-04-08 02:23:48.107] Writer: Target is Database [odbc://dbtype=SqlServer;host=localhost;port=1433;database=IICS_UNIVERSITY], Type [ODBC], User [sa], Bulk Mode [OFF]
WRITER_1_*_1> CMN_1021 [2025-04-08 02:23:48.112] Database driver event...
CMN_1021 [Reading driver properties from : D:\apps\Data_Integration_Server\72.0.2.1\ICS\main\bin\rdtm/../../../../drivers/driver.properties
DTM flag to determine driver name is not found hence default to [DataDirect CLOSED 8.0 SQL Server Wire Protocol for Informatica - BASE] driver.
ODBC Event Using array fetches.
ODBC Event Using Single Row Inserts. connect string = [Driver=DataDirect CLOSED 8.0 SQL Server Wire Protocol for Informatica - BASE;DB=IICS_UNIVERSITY;HOST=localhost;PORT=1433;UID=sa;WorkArounds2=2;EQI=1;APP=Informatica;TimestampTruncationBehavior=1]. userid = [sa]
ODBC Version:	03.80.0000
.
DBMS Name:	Microsoft SQL Server
.
DBMS Version:	13.00.6404
.
Driver Name:	dwsqls28.dll
.
Driver Version:	08.02.1018 (B0983, U0720)
.
Driver ODBC Version:	03.52
.]

WRITER_1_*_1> WRT_8221 [2025-04-08 02:23:48.113] Target database connection [Conn_012X340B00000000000P] code page: [MS Windows Latin 1 (ANSI), superset of Latin1]
WRITER_1_*_1> WRT_8397 [2025-04-08 02:23:48.114] Appending output data to file [D:\apps\Data_Integration_Server\data\error\8xQ8FxVHFGTfogLKAPiK4B\Target_output1.bad] (initial size [82612]).
WRITER_1_*_1> WRT_8124 [2025-04-08 02:23:48.114] Target Table CDW_UAS_F_RESULT_MODULE8 :SQL INSERT statement:
INSERT INTO dbo.CDW_UAS_F_RESULT_MODULE8(CDW_P_RESULT_DSET_KEY,RESULT_F_PERIOD_KEY,RESULT_F_Student_KEY,RESULT_F_DEPARTMENT_KEY,RESULT_F_COLLEGE_CODE,RESULT_F_COLLEGE_NAME,RESULT_F_COURSE_CODE,RESULT_F_COURSE_NAME,RESULT_F_FACULTY_NO,RESULT_MARKS,RESULT_GRADE,CREATED_DATE,CREATED_BY)  VALUES ( ?, ?, ?, ?, ?, ?, ?, ?, ?, ?, ?, ?, ?) 
WRITER_1_*_1> WRT_8124 [2025-04-08 02:23:48.114] Target Table CDW_UAS_F_RESULT_MODULE8 :SQL UPDATE statement:
UPDATE dbo.CDW_UAS_F_RESULT_MODULE8 SET RESULT_F_PERIOD_KEY = ?, RESULT_F_Student_KEY = ?, RESULT_F_DEPARTMENT_KEY = ?, RESULT_F_COLLEGE_CODE = ?, RESULT_F_COLLEGE_NAME = ?, RESULT_F_COURSE_CODE = ?, RESULT_F_COURSE_NAME = ?, RESULT_F_FACULTY_NO = ?, RESULT_MARKS = ?, RESULT_GRADE = ?, CREATED_DATE = ?, CREATED_BY = ? WHERE CDW_P_RESULT_DSET_KEY = ?
WRITER_1_*_1> WRT_8124 [2025-04-08 02:23:48.114] Target Table CDW_UAS_F_RESULT_MODULE8 :SQL DELETE statement:
DELETE FROM dbo.CDW_UAS_F_RESULT_MODULE8 WHERE CDW_P_RESULT_DSET_KEY = ?
WRITER_1_*_1> WRT_8270 [2025-04-08 02:23:48.114] Target connection group #1 consists of target(s) [CDW_UAS_F_RESULT_MODULE8]
WRITER_1_*_1> WRT_8003 [2025-04-08 02:23:48.115] Writer initialization complete.
READER_1_1_1> BLKR_16007 [2025-04-08 02:23:48.115] Reader run started.
WRITER_1_*_1> WRT_8005 [2025-04-08 02:23:48.115] Writer run started.
WRITER_1_*_1> WRT_8158 [2025-04-08 02:23:48.115] 

*****START LOAD SESSION*****

Load Start Time: Tue Apr 08 02:23:48 2025

Target tables:

     CDW_UAS_F_RESULT_MODULE8


READER_1_1_1> RR_4010 [2025-04-08 02:23:48.115] SQ instance [Source] SQL Query [SELECT dbo.CDW_UAS_STG_RESULT.CDW_P_RESULT_DSET_KEY, dbo.CDW_UAS_STG_RESULT.RESULT_F_PERIOD_KEY, dbo.CDW_UAS_STG_RESULT.RESULT_F_Student_KEY, dbo.CDW_UAS_STG_RESULT.RESULT_F_DEPARTMENT_KEY, dbo.CDW_UAS_STG_RESULT.RESULT_F_COLLEGE_CODE, dbo.CDW_UAS_STG_RESULT.RESULT_F_COLLEGE_NAME, dbo.CDW_UAS_STG_RESULT.RESULT_F_COURSE_CODE, dbo.CDW_UAS_STG_RESULT.RESULT_F_COURSE_NAME, dbo.CDW_UAS_STG_RESULT.RESULT_F_FACULTY_NO, dbo.CDW_UAS_STG_RESULT.RESULT_MARKS, dbo.CDW_UAS_STG_RESULT.RESULT_GRADE FROM dbo.CDW_UAS_STG_RESULT]
READER_1_1_1> RR_4049 [2025-04-08 02:23:48.115] SQL Query issued to database : (Tue Apr 08 02:23:48 2025)
READER_1_1_1> RR_4050 [2025-04-08 02:23:48.116] First row returned from database to reader : (Tue Apr 08 02:23:48 2025)
READER_1_1_1> BLKR_16019 [2025-04-08 02:23:48.116] Read [84] rows, read [0] error rows for source table [CDW_UAS_STG_RESULT] instance name [CDW_UAS_STG_RESULT]
READER_1_1_1> BLKR_16008 [2025-04-08 02:23:48.116] Reader run completed.
TRANSF_1_1_1> DBG_21216 [2025-04-08 02:23:48.117] Finished transformations for Source Qualifier [Source]. Total errors [0] 
WRITER_1_*_1> WRT_8167 [2025-04-08 02:23:48.117] Start loading table [CDW_UAS_F_RESULT_MODULE8] at: Tue Apr 08 02:23:48 2025
WRITER_1_*_1> WRT_8168 [2025-04-08 02:23:48.134] End loading table [CDW_UAS_F_RESULT_MODULE8] at: Tue Apr 08 02:23:48 2025
WRITER_1_*_1> WRT_8141 [2025-04-08 02:23:48.136] 
Commit on end-of-data  Tue Apr 08 02:23:48 2025
===================================================

WRT_8036 Target: CDW_UAS_F_RESULT_MODULE8 (Instance Name: [CDW_UAS_F_RESULT_MODULE8])
WRT_8038 Inserted rows - Requested: 84         Applied: 84         Rejected: 0          Affected: 84        

WRITER_1_*_1> WRT_8035 [2025-04-08 02:23:48.136] Load complete time: Tue Apr 08 02:23:48 2025

LOAD SUMMARY
============

WRT_8036 Target: CDW_UAS_F_RESULT_MODULE8 (Instance Name: [CDW_UAS_F_RESULT_MODULE8])
WRT_8038 Inserted rows - Requested: 84         Applied: 84         Rejected: 0          Affected: 84        


WRITER_1_*_1> WRT_8043 [2025-04-08 02:23:48.136] *****END LOAD SESSION*****
WRITER_1_*_1> WRT_8006 [2025-04-08 02:23:48.138] Writer run completed.
MANAGER> PETL_24031 [2025-04-08 02:23:48.139] 
***** RUN INFO FOR TGT LOAD ORDER GROUP [1], CONCURRENT SET [1] *****
Thread [READER_1_1_1] created for [the read stage] of partition point [Source] has completed. The total run time was insufficient for any meaningful statistics.
Thread [TRANSF_1_1_1] created for [the transformation stage] of partition point [Source] has completed. The total run time was insufficient for any meaningful statistics.
Thread [WRITER_1_*_1] created for [the write stage] of partition point [CDW_UAS_F_RESULT_MODULE8] has completed. The total run time was insufficient for any meaningful statistics.

MANAGER> PETL_24005 [2025-04-08 02:23:48.255] Starting post-session tasks. : (Tue Apr 08 02:23:48 2025)
POST-SESS> PETL_24091 [2025-04-08 02:23:48.256] Thread [POST-SESS] has the ID [8].
MANAGER> PETL_24029 [2025-04-08 02:23:48.333] Post-session task completed successfully. : (Tue Apr 08 02:23:48 2025)
MAPPING> TM_6018 [2025-04-08 02:23:48.333] The session completed with [0] row transformation errors. 
MANAGER> PETL_24002 [2025-04-08 02:23:48.835] Parallel Pipeline Engine finished.
DIRECTOR> PETL_24012 [2025-04-08 02:23:48.899] Session run completed successfully.
DIRECTOR> TM_6022 [2025-04-08 02:23:48.899] 

SESSION LOAD SUMMARY
================================================

DIRECTOR> TM_6252 [2025-04-08 02:23:48.899] Source Load Summary.
DIRECTOR> CMN_1740 [2025-04-08 02:23:48.899] Table: [Source] (Instance Name: [Source] Instance UI Name: [Source])
	 Output Rows [84], Affected Rows [84], Applied Rows [84], Rejected Rows [0]
DIRECTOR> TM_6253 [2025-04-08 02:23:48.899] Target Load Summary.
DIRECTOR> CMN_1740 [2025-04-08 02:23:48.899] Table: [CDW_UAS_F_RESULT_MODULE8] (Instance Name: [CDW_UAS_F_RESULT_MODULE8] Instance UI Name: [Target])
	 Output Rows [84], Affected Rows [84], Applied Rows [84], Rejected Rows [0]
DIRECTOR> TM_6023 [2025-04-08 02:23:48.899] 
===================================================

DIRECTOR> TM_6020 [2025-04-08 02:23:48.899] Session [s_mtt_012X340Z00000000000F] completed at [Tue Apr 08 02:23:48 2025].
