Agent Group Id: 012X3425000000000003
Agent Group Name: 7de95cd63cc45ef
Agent Name: 7de95cd63cc45ef
Agent Id: 012X3408000000000003
Task Name: TIME
Task Type: MTT_TEST
Task Id: 012X340Z000000000007
Run Id: 1
Service Id: 1837519
Started By: aryanhedaoo2003@gmail.com
Run Context Type: ICS_UI
04/03/2025 10:52:57 **** Importing Connection: Conn_012X340B00000000000P ...
04/03/2025 10:52:57 **** Importing Source Definition: SRC_Calender_File_txt ...
04/03/2025 10:52:57 **** Importing Target Definition: CDW_UAS_D_TIME ...
04/03/2025 10:52:57 **** Importing SessionConfig: default_session_config ...
    <Warning> :  The Error Log DB Connection value should have Relational: as the prefix.
    <Warning> :  Invalid value  for attribute Error Log DB Connection. Will use the default value 
    Validating Source Definition  SRC_Calender_File_txt...
    Validating Target Definition  CDW_UAS_D_TIME...
04/03/2025 10:52:57 **** Importing Mapping: Mapping0 ...
    <Warning> :  transformation: Source_calender - Invalid value  for attribute Output is repeatable. Will use the default value Never    [transformation< Source_calender > ] 
    <Warning> :  Invalid table attribute: Thousand Separator    [transformation< Source_calender > ] 
    <Warning> :  Invalid table attribute: Decimal Separator    [transformation< Source_calender > ] 
    <Warning> :  Invalid table attribute: Datetime Format    [transformation< Source_calender > ] 
Validating transformations of mapping Mapping0...
Validating mapping variable(s).
04/03/2025 10:52:57 **** Importing Workflow: wf_mtt_012X340Z000000000007 ...
    <Warning> :  Invalid value None for attribute Pushdown Optimization Context. Will use the default value None     [Session< s_mtt_012X340Z000000000007 > ] 
    <Warning> :  The value entered is not a valid integer.
    <Warning> :  Invalid value NO for attribute Fail task after wait time. Will use the default value 
Successfully extracted session instance [s_mtt_012X340Z000000000007].  Starting repository sequence id is [891689719]
======================================================================
DIRECTOR> VAR_27085 [2025-04-03 10:52:58.803] Parameter file [D:\apps\Data_Integration_Server\data\parameters\s_mtt_012X340Z000000000007.param] is opened for [session [wf_mtt_012X340Z000000000007.s_mtt_012X340Z000000000007]].
DIRECTOR> VAR_27062 [2025-04-03 10:52:58.804] Warning! Cannot find section for worklet [wf_mtt_012X340Z000000000007] and folder [] in parameter file [D:\apps\Data_Integration_Server\data\parameters\s_mtt_012X340Z000000000007.param].
DIRECTOR> TM_6014 [2025-04-03 10:52:58.805] Initializing session [s_mtt_012X340Z000000000007] at [Thu Apr 03 10:52:58 2025].
DIRECTOR> TM_6683 [2025-04-03 10:52:58.805] Repository Name: [XMLRepository]
DIRECTOR> TM_6684 [2025-04-03 10:52:58.805] Server Name: [rDTM]
DIRECTOR> TM_6686 [2025-04-03 10:52:58.807] Folder: []
DIRECTOR> TM_6685 [2025-04-03 10:52:58.807] Workflow: [wf_mtt_012X340Z000000000007] Run Instance Name: [] Run Id: [0]
DIRECTOR> TM_6992 [2025-04-03 10:52:58.807] Operating System Type [NT]
DIRECTOR> TM_6101 [2025-04-03 10:52:58.807] Mapping name: Mapping0.
DIRECTOR> TM_6964 [2025-04-03 10:52:58.807] Date format for the Session is [MM/DD/YYYY HH24:MI:SS.US]
DIRECTOR> TM_6703 [2025-04-03 10:52:58.808] Session [s_mtt_012X340Z000000000007] is run by 64-bit Integration Service  [], version [10.2.0 HotFix2], build [0321].
MANAGER> PETL_24091 [2025-04-03 10:53:00.963] Thread [MANAGER] has the ID [1].
MANAGER> PETL_24058 [2025-04-03 10:53:00.963] Running Partition Group [1].
MANAGER> PETL_24000 [2025-04-03 10:53:00.963] Parallel Pipeline Engine initializing.
MONITOR> PETL_24091 [2025-04-03 10:53:00.964] Thread [MONITOR] has the ID [2].
MANAGER> PETL_24001 [2025-04-03 10:53:00.964] Parallel Pipeline Engine running.
MANAGER> PETL_24003 [2025-04-03 10:53:00.964] Initializing session run.
MAPPING> PETL_24091 [2025-04-03 10:53:00.965] Thread [MAPPING] has the ID [3].
MAPPING> CMN_1569 [2025-04-03 10:53:00.991] Server Mode: [UNICODE]
MAPPING> CMN_1570 [2025-04-03 10:53:00.992] Server Code page: [MS Windows Latin 1 (ANSI), superset of Latin1]
MAPPING> TM_6151 [2025-04-03 10:53:00.992] The session sort order is [Binary].
MAPPING> TM_6185 [2025-04-03 10:53:00.992] Warning. Code page validation is disabled in this session.
MAPPING> CMN_65109 [2025-04-03 10:53:00.992] Current Timezone:[UTC +5:30]
MAPPING> CMN_65111 [2025-04-03 10:53:00.992] Current Process ID:[7700]
MAPPING> TM_6155 [2025-04-03 10:53:00.992] Using HIGH precision processing.
MAPPING> TM_6180 [2025-04-03 10:53:00.992] Deadlock retry logic will not be implemented.
MAPPING> TM_6187 [2025-04-03 10:53:00.992] Session target-based commit interval is [10000].
MAPPING> TM_6307 [2025-04-03 10:53:00.993] DTM error log disabled. 
MAPPING> TE_7022 [2025-04-03 10:53:00.994] TShmWriter: Initialized
MAPPING> TM_6007 [2025-04-03 10:53:01.003] DTM initialized successfully for session [s_mtt_012X340Z000000000007]
DIRECTOR> PETL_24033 [2025-04-03 10:53:01.361] All DTM Connection Info: [<NONE>].
MANAGER> PETL_24004 [2025-04-03 10:53:01.361] Starting pre-session tasks. : (Thu Apr 03 10:53:01 2025)
PRE-SESS> PETL_24091 [2025-04-03 10:53:01.364] Thread [PRE-SESS] has the ID [4].
MANAGER> PETL_24027 [2025-04-03 10:53:01.664] Pre-session task completed successfully. : (Thu Apr 03 10:53:01 2025)
DIRECTOR> PETL_24006 [2025-04-03 10:53:01.664] Starting data movement.
MAPPING> TM_6660 [2025-04-03 10:53:01.665] Total Buffer Pool size is 2201440 bytes and Block size is 120080 bytes.
READER_1_1_1> PETL_24091 [2025-04-03 10:53:01.667] Thread [READER_1_1_1] has the ID [5].
READER_1_1_1> DBG_21437 [2025-04-03 10:53:01.738] Reader: Source is a file-based source.
READER_1_1_1> FR_3118 [2025-04-03 10:53:01.739] source [Source_calender] code page: [UTF-8 encoding of Unicode]
READER_1_1_1> FR_3071 [2025-04-03 10:53:01.740] Maximum Line sequential buffer length is 1026.
READER_1_1_1> BLKR_16003 [2025-04-03 10:53:01.740] Initialization completed successfully.
TRANSF_1_1_1> PETL_24091 [2025-04-03 10:53:01.741] Thread [TRANSF_1_1_1] has the ID [6].
WRITER_1_*_1> PETL_24091 [2025-04-03 10:53:01.742] Thread [WRITER_1_*_1] has the ID [7].
WRITER_1_*_1> WRT_8147 [2025-04-03 10:53:01.835] Writer: Target is Database [odbc://dbtype=SqlServer;host=localhost;port=1433;database=IICS_UNIVERSITY], Type [ODBC], User [sa], Bulk Mode [OFF]
WRITER_1_*_1> CMN_1021 [2025-04-03 10:53:02.247] Database driver event...
CMN_1021 [Reading driver properties from : D:\apps\Data_Integration_Server\72.0.2.1\ICS\main\bin\rdtm/../../../../drivers/driver.properties
DTM flag to determine driver name is not found hence default to [DataDirect CLOSED 8.0 SQL Server Wire Protocol for Informatica - BASE] driver.
ODBC Event Using array fetches.
ODBC Event Using Single Row Inserts. connect string = [Driver=DataDirect CLOSED 8.0 SQL Server Wire Protocol for Informatica - BASE;DB=IICS_UNIVERSITY;HOST=localhost;PORT=1433;UID=sa;WorkArounds2=2;EQI=1;APP=Informatica;TimestampTruncationBehavior=1]. userid = [sa]
ODBC Version:	03.80.0000
.
DBMS Name:	Microsoft SQL Server
.
DBMS Version:	13.00.6404
.
Driver Name:	dwsqls28.dll
.
Driver Version:	08.02.1018 (B0983, U0720)
.
Driver ODBC Version:	03.52
.]

WRITER_1_*_1> WRT_8221 [2025-04-03 10:53:02.248] Target database connection [Conn_012X340B00000000000P] code page: [MS Windows Latin 1 (ANSI), superset of Latin1]
WRITER_1_*_1> WRT_8124 [2025-04-03 10:53:02.252] Target Table CDW_UAS_D_TIME :SQL INSERT statement:
INSERT INTO dbo.CDW_UAS_D_TIME(TIMEID,DAY,MONTH,QUARTER,YEAR)  VALUES ( ?, ?, ?, ?, ?) 
WRITER_1_*_1> WRT_8020 [2025-04-03 10:53:02.252] No column marked as primary key for table [CDW_UAS_D_TIME]. UPDATEs Not Supported.
WRITER_1_*_1> WRT_8270 [2025-04-03 10:53:02.269] Target connection group #1 consists of target(s) [CDW_UAS_D_TIME]
WRITER_1_*_1> WRT_8003 [2025-04-03 10:53:02.269] Writer initialization complete.
READER_1_1_1> BLKR_16007 [2025-04-03 10:53:02.270] Reader run started.
WRITER_1_*_1> WRT_8005 [2025-04-03 10:53:02.270] Writer run started.
WRITER_1_*_1> WRT_8158 [2025-04-03 10:53:02.270] 

*****START LOAD SESSION*****

Load Start Time: Thu Apr 03 10:53:01 2025

Target tables:

     CDW_UAS_D_TIME


READER_1_1_1> _3120 [2025-04-03 10:53:02.270] Number of column in metadata are more than source file.
READER_1_1_1> FR_3076 [2025-04-03 10:53:02.270] Skipped over [1] lines.
READER_1_1_1> DBG_21430 [2025-04-03 10:53:02.270] Reading data from input source file [C:\Users\Administrator\Documents\Source\SRC_Calender_File.txt] : (Thu Apr 03 10:53:02 2025)
READER_1_1_1> BLKR_16019 [2025-04-03 10:53:02.271] Read [365] rows, read [0] error rows for source table [SRC_Calender_File_txt] instance name [SRC_Calender_File_txt]
READER_1_1_1> BLKR_16008 [2025-04-03 10:53:02.271] Reader run completed.
TRANSF_1_1_1> DBG_21216 [2025-04-03 10:53:02.273] Finished transformations for Source Qualifier [Source_calender]. Total errors [0] 
WRITER_1_*_1> WRT_8167 [2025-04-03 10:53:02.273] Start loading table [CDW_UAS_D_TIME] at: Thu Apr 03 10:53:01 2025
WRITER_1_*_1> WRT_8168 [2025-04-03 10:53:02.354] End loading table [CDW_UAS_D_TIME] at: Thu Apr 03 10:53:01 2025
WRITER_1_*_1> WRT_8141 [2025-04-03 10:53:02.356] 
Commit on end-of-data  Thu Apr 03 10:53:01 2025
===================================================

WRT_8036 Target: CDW_UAS_D_TIME (Instance Name: [CDW_UAS_D_TIME])
WRT_8038 Inserted rows - Requested: 365        Applied: 365        Rejected: 0          Affected: 365       

WRITER_1_*_1> WRT_8035 [2025-04-03 10:53:02.357] Load complete time: Thu Apr 03 10:53:01 2025

LOAD SUMMARY
============

WRT_8036 Target: CDW_UAS_D_TIME (Instance Name: [CDW_UAS_D_TIME])
WRT_8038 Inserted rows - Requested: 365        Applied: 365        Rejected: 0          Affected: 365       


WRITER_1_*_1> WRT_8043 [2025-04-03 10:53:02.357] *****END LOAD SESSION*****
WRITER_1_*_1> WRT_8006 [2025-04-03 10:53:02.363] Writer run completed.
MANAGER> PETL_24031 [2025-04-03 10:53:02.363] 
***** RUN INFO FOR TGT LOAD ORDER GROUP [1], CONCURRENT SET [1] *****
Thread [READER_1_1_1] created for [the read stage] of partition point [Source_calender] has completed. The total run time was insufficient for any meaningful statistics.
Thread [TRANSF_1_1_1] created for [the transformation stage] of partition point [Source_calender] has completed. The total run time was insufficient for any meaningful statistics.
Thread [WRITER_1_*_1] created for [the write stage] of partition point [CDW_UAS_D_TIME] has completed. The total run time was insufficient for any meaningful statistics.

MANAGER> PETL_24005 [2025-04-03 10:53:02.483] Starting post-session tasks. : (Thu Apr 03 10:53:02 2025)
POST-SESS> PETL_24091 [2025-04-03 10:53:02.484] Thread [POST-SESS] has the ID [8].
MANAGER> PETL_24029 [2025-04-03 10:53:02.560] Post-session task completed successfully. : (Thu Apr 03 10:53:02 2025)
MAPPING> TM_6018 [2025-04-03 10:53:02.560] The session completed with [0] row transformation errors. 
MANAGER> PETL_24002 [2025-04-03 10:53:03.056] Parallel Pipeline Engine finished.
DIRECTOR> PETL_24012 [2025-04-03 10:53:03.132] Session run completed successfully.
DIRECTOR> TM_6022 [2025-04-03 10:53:03.132] 

SESSION LOAD SUMMARY
================================================

DIRECTOR> TM_6252 [2025-04-03 10:53:03.132] Source Load Summary.
DIRECTOR> CMN_1740 [2025-04-03 10:53:03.132] Table: [Source_calender] (Instance Name: [Source_calender] Instance UI Name: [Source_calender])
	 Output Rows [365], Affected Rows [365], Applied Rows [365], Rejected Rows [0]
DIRECTOR> TM_6253 [2025-04-03 10:53:03.132] Target Load Summary.
DIRECTOR> CMN_1740 [2025-04-03 10:53:03.132] Table: [CDW_UAS_D_TIME] (Instance Name: [CDW_UAS_D_TIME] Instance UI Name: [Target])
	 Output Rows [365], Affected Rows [365], Applied Rows [365], Rejected Rows [0]
DIRECTOR> TM_6023 [2025-04-03 10:53:03.132] 
===================================================

DIRECTOR> TM_6020 [2025-04-03 10:53:03.132] Session [s_mtt_012X340Z000000000007] completed at [Thu Apr 03 10:53:03 2025].
